<?xml version="1.0" encoding="UTF-8"?>
<testng-results skipped="0" failed="0" total="1" passed="1">
  <reporter-output>
  </reporter-output>
  <suite name="Default suite" duration-ms="35199" started-at="2021-03-16T10:16:21Z" finished-at="2021-03-16T10:16:56Z">
    <groups>
    </groups>
    <test name="Default test" duration-ms="35199" started-at="2021-03-16T10:16:21Z" finished-at="2021-03-16T10:16:56Z">
      <class name="com.spicejet.org.Spicejet">
        <test-method status="PASS" signature="Multicity()[pri:1, instance:com.spicejet.org.Spicejet@6d8a00e3]" name="Multicity" duration-ms="35186" started-at="2021-03-16T15:46:21Z" finished-at="2021-03-16T15:46:56Z">
          <reporter-output>
          </reporter-output>
        </test-method> <!-- Multicity -->
      </class> <!-- com.spicejet.org.Spicejet -->
    </test> <!-- Default test -->
  </suite> <!-- Default suite -->
</testng-results>
